<?xml version="1.0" encoding="UTF-8"?>
<datasources xmlns="http://www.jboss.org/ironjacamar/schema"
	xmlns:xsi="http://www.w3.org/2001/XMLSchema-instance"
	xsi:schemaLocation="http://www.jboss.org/ironjacamar/schema http://docs.jboss.org/ironjacamar/schema/datasources_1_0.xsd">
	<datasource jndi-name="java:jboss/datasources/SampleProjectTestDS"
		pool-name="SampleProject-test" enabled="true" use-java-context="true">
		<connection-url>jdbc:mysql://localhost:3306/sample</connection-url>
		<driver>mysql</driver>
		<security>
			<user-name>root</user-name>
			<password>sql</password>
		</security>
		<validation>
			<valid-connection-checker
				class-name="org.jboss.jca.adapters.jdbc.extensions.mysql.MySQLValidConnectionChecker" />
			<exception-sorter
				class-name="org.jboss.jca.adapters.jdbc.extensions.mysql.MySQLExceptionSorter" />
		</validation>
	</datasource>
</datasources>
 
